<?xml version="1.0" encoding="UTF-8"?>
<!-- Generated by org.testng.reporters.JUnitReportReporter -->
<testsuite skipped="0" hostname="Shahin-PC" name="com.crm.qa.testcases.HomePageTest" tests="3" failures="0" timestamp="28 Aug 2019 09:31:53 GMT" time="32.159" errors="0">
  <testcase name="verifyHomePageTitleTest" time="10.107" classname="com.crm.qa.testcases.HomePageTest"/>
  <testcase name="verifyUserNameTest" time="11.285" classname="com.crm.qa.testcases.HomePageTest"/>
  <testcase name="verifyContactsLinkTest" time="10.767" classname="com.crm.qa.testcases.HomePageTest"/>
</testsuite> <!-- com.crm.qa.testcases.HomePageTest -->
