<?xml version="1.0" encoding="UTF-8"?>
<!-- Generated by org.testng.reporters.JUnitReportReporter -->
<testsuite skipped="0" hostname="Shahin-PC" name="com.crm.qa.testcases.ContactsPageTest" tests="6" failures="0" timestamp="17 Aug 2019 06:58:37 GMT" time="84.256" errors="0">
  <testcase name="validateCreateNewContactsTest" time="14.029" classname="com.crm.qa.testcases.ContactsPageTest"/>
  <testcase name="validateCreateNewContactsTest" time="15.520" classname="com.crm.qa.testcases.ContactsPageTest"/>
  <testcase name="validateCreateNewContactsTest" time="14.607" classname="com.crm.qa.testcases.ContactsPageTest"/>
  <testcase name="validateCreateNewContactsTest" time="13.073" classname="com.crm.qa.testcases.ContactsPageTest"/>
  <testcase name="validateCreateNewContactsTest" time="13.888" classname="com.crm.qa.testcases.ContactsPageTest"/>
  <testcase name="verifyContactsPageLableTest" time="13.139" classname="com.crm.qa.testcases.ContactsPageTest"/>
</testsuite> <!-- com.crm.qa.testcases.ContactsPageTest -->
