<?xml version="1.0" encoding="UTF-8"?>
<!-- Generated by org.testng.reporters.JUnitReportReporter -->
<testsuite skipped="0" hostname="Shahin-PC" name="com.crm.qa.testcases.ContactsPageTest" tests="6" failures="0" timestamp="28 Aug 2019 09:31:53 GMT" time="75.062" errors="0">
  <testcase name="validateCreateNewContactsTest" time="12.841" classname="com.crm.qa.testcases.ContactsPageTest"/>
  <testcase name="validateCreateNewContactsTest" time="14.066" classname="com.crm.qa.testcases.ContactsPageTest"/>
  <testcase name="validateCreateNewContactsTest" time="12.747" classname="com.crm.qa.testcases.ContactsPageTest"/>
  <testcase name="validateCreateNewContactsTest" time="12.597" classname="com.crm.qa.testcases.ContactsPageTest"/>
  <testcase name="validateCreateNewContactsTest" time="11.922" classname="com.crm.qa.testcases.ContactsPageTest"/>
  <testcase name="verifyContactsPageLableTest" time="10.889" classname="com.crm.qa.testcases.ContactsPageTest"/>
</testsuite> <!-- com.crm.qa.testcases.ContactsPageTest -->
