<?xml version="1.0" encoding="UTF-8"?>
<!-- Generated by org.testng.reporters.JUnitReportReporter -->
<testsuite skipped="0" hostname="Shahin-PC" name="com.crm.qa.testcases.LoginPageTest" tests="4" failures="0" timestamp="28 Aug 2019 09:31:53 GMT" time="33.040" errors="0">
  <testcase name="LogingPageTitleTest" time="7.454" classname="com.crm.qa.testcases.LoginPageTest"/>
  <testcase name="crmlogoImageTest" time="7.687" classname="com.crm.qa.testcases.LoginPageTest"/>
  <testcase name="loginTest" time="9.771" classname="com.crm.qa.testcases.LoginPageTest"/>
  <testcase name="signUpLinkTest" time="8.128" classname="com.crm.qa.testcases.LoginPageTest"/>
</testsuite> <!-- com.crm.qa.testcases.LoginPageTest -->
